2025-01-28 08:24:35 Loading main app package /usr/lib/obsidian/obsidian.asar
2025-01-28 08:24:35 Checking for update using Github
2025-01-28 08:24:35 Success.
2025-01-28 08:24:35 Latest version is 1.7.7
2025-01-28 08:24:35 App is up to date.
2025-01-28 16:29:19 Loading main app package /usr/lib/obsidian/obsidian.asar
2025-01-28 16:29:20 Checking for update using Github
2025-01-28 16:29:20 Success.
2025-01-28 16:29:20 Latest version is 1.7.7
2025-01-28 16:29:20 App is up to date.
2025-01-28 16:44:33 Loading main app package /usr/lib/obsidian/obsidian.asar
2025-01-28 16:44:34 Checking for update using Github
2025-01-28 16:44:34 Success.
2025-01-28 16:44:34 Latest version is 1.7.7
2025-01-28 16:44:34 App is up to date.
2025-01-28 17:40:49 Loading main app package /usr/lib/obsidian/obsidian.asar
2025-01-28 17:40:49 Checking for update using Github
2025-01-28 17:40:49 Success.
2025-01-28 17:40:49 Latest version is 1.7.7
2025-01-28 17:40:49 App is up to date.
2025-01-28 18:46:42 Checking for update using Github
2025-01-28 18:46:42 Success.
2025-01-28 18:46:42 Latest version is 1.7.7
2025-01-28 18:46:42 App is up to date.
2025-01-28 19:57:16 Checking for update using Github
2025-01-28 19:57:16 Success.
2025-01-28 19:57:16 Latest version is 1.7.7
2025-01-28 19:57:16 App is up to date.
2025-01-28 20:57:16 Checking for update using Github
2025-01-28 20:57:16 Success.
2025-01-28 20:57:16 Latest version is 1.7.7
2025-01-28 20:57:16 App is up to date.
2025-01-29 03:14:41 Checking for update using Github
2025-01-29 03:14:41 Success.
2025-01-29 03:14:41 Latest version is 1.7.7
2025-01-29 03:14:41 App is up to date.
2025-01-29 06:59:09 Loading main app package /usr/lib/obsidian/obsidian.asar
2025-01-29 06:59:10 Checking for update using Github
2025-01-29 06:59:11 Success.
2025-01-29 06:59:11 Latest version is 1.7.7
2025-01-29 06:59:11 App is up to date.
2025-01-29 07:59:09 Checking for update using Github
2025-01-29 07:59:09 Success.
2025-01-29 07:59:09 Latest version is 1.7.7
2025-01-29 07:59:09 App is up to date.
2025-01-29 08:03:11 Loading main app package /usr/lib/obsidian/obsidian.asar
2025-01-29 08:03:11 Checking for update using Github
2025-01-29 08:03:11 Success.
2025-01-29 08:03:11 Latest version is 1.7.7
2025-01-29 08:03:11 App is up to date.
2025-01-29 09:03:11 Checking for update using Github
2025-01-29 09:03:11 Success.
2025-01-29 09:03:11 Latest version is 1.7.7
2025-01-29 09:03:11 App is up to date.
2025-01-29 17:17:03 Checking for update using Github
2025-01-29 17:17:03 Success.
2025-01-29 17:17:03 Latest version is 1.7.7
2025-01-29 17:17:03 App is up to date.
2025-01-29 18:17:03 Checking for update using Github
2025-01-29 18:17:04 Success.
2025-01-29 18:17:04 Latest version is 1.7.7
2025-01-29 18:17:04 App is up to date.
2025-01-29 20:07:33 Loading main app package /usr/lib/obsidian/obsidian.asar
2025-01-29 20:07:34 Checking for update using Github
2025-01-29 20:07:34 Success.
2025-01-29 20:07:34 Latest version is 1.7.7
2025-01-29 20:07:34 App is up to date.
2025-01-30 21:27:45 Loading main app package /usr/lib/obsidian/obsidian.asar
2025-01-30 21:27:46 Checking for update using Github
2025-01-30 21:27:46 Success.
2025-01-30 21:27:46 Latest version is 1.8.3
2025-01-30 21:27:46 App is up to date.
2025-02-03 08:22:46 Loading main app package /usr/lib/obsidian/obsidian.asar
2025-02-03 08:22:46 Checking for update using Github
2025-02-03 08:22:47 Success.
2025-02-03 08:22:47 Latest version is 1.8.4
2025-02-03 08:22:47 App is up to date.
2025-02-03 19:40:51 Loading main app package /usr/lib/obsidian/obsidian.asar
2025-02-03 19:40:52 Checking for update using Github
2025-02-03 19:40:52 Success.
2025-02-03 19:40:52 Latest version is 1.8.4
2025-02-03 19:40:52 App is up to date.
2025-02-03 19:56:40 Loading main app package /usr/lib/obsidian/obsidian.asar
2025-02-03 19:56:41 Checking for update using Github
2025-02-03 19:56:41 Success.
2025-02-03 19:56:41 Latest version is 1.8.4
2025-02-03 19:56:41 App is up to date.
2025-02-03 22:01:50 Loading main app package /usr/lib/obsidian/obsidian.asar
2025-02-03 22:01:50 Checking for update using Github
2025-02-03 22:01:50 Success.
2025-02-03 22:01:50 Latest version is 1.8.4
2025-02-03 22:01:50 App is up to date.
2025-02-03 23:15:34 Checking for update using Github
2025-02-03 23:15:34 Success.
2025-02-03 23:15:34 Latest version is 1.8.4
2025-02-03 23:15:34 App is up to date.
2025-02-04 00:16:29 Checking for update using Github
2025-02-04 00:16:30 Success.
2025-02-04 00:16:30 Latest version is 1.8.4
2025-02-04 00:16:30 App is up to date.
2025-02-04 04:01:37 Loading main app package /usr/lib/obsidian/obsidian.asar
2025-02-04 04:01:37 Checking for update using Github
2025-02-04 04:01:37 Success.
2025-02-04 04:01:37 Latest version is 1.8.4
2025-02-04 04:01:37 App is up to date.
2025-02-04 04:02:15 Loading main app package /usr/lib/obsidian/obsidian.asar
2025-02-04 04:02:16 Checking for update using Github
2025-02-04 04:02:24 Loading main app package /usr/lib/obsidian/obsidian.asar
2025-02-04 04:02:25 Checking for update using Github
2025-02-04 04:03:22 Loading main app package /usr/lib/obsidian/obsidian.asar
2025-02-04 04:03:22 Checking for update using Github
2025-02-04 04:03:32 Loading main app package /usr/lib/obsidian/obsidian.asar
2025-02-04 04:03:32 Checking for update using Github
2025-02-04 04:57:11 Loading main app package /usr/lib/obsidian/obsidian.asar
2025-02-04 04:57:11 Checking for update using Github
2025-02-04 04:59:14 Loading main app package /usr/lib/obsidian/obsidian.asar
2025-02-04 04:59:14 Checking for update using Github
2025-02-04 04:59:15 Success.
2025-02-04 04:59:15 Latest version is 1.8.4
2025-02-04 04:59:15 App is up to date.
2025-02-04 05:00:09 Loading main app package /usr/lib/obsidian/obsidian.asar
2025-02-04 05:00:09 Checking for update using Github
2025-02-04 05:09:39 Loading main app package /usr/lib/obsidian/obsidian.asar
2025-02-04 05:09:40 Checking for update using Github
2025-02-04 05:09:40 Success.
2025-02-04 05:09:40 Latest version is 1.8.4
2025-02-04 05:09:40 App is up to date.
2025-02-04 05:28:39 Loading main app package /usr/lib/obsidian/obsidian.asar
2025-02-04 05:28:39 Checking for update using Github
2025-02-04 05:28:40 Success.
2025-02-04 05:28:40 Latest version is 1.8.4
2025-02-04 05:28:40 App is up to date.
2025-02-04 05:30:48 Loading main app package /usr/lib/obsidian/obsidian.asar
2025-02-04 05:30:49 Checking for update using Github
2025-02-04 05:30:49 Success.
2025-02-04 05:30:49 Latest version is 1.8.4
2025-02-04 05:30:49 App is up to date.
2025-02-04 07:29:08 Checking for update using Github
2025-02-04 07:29:09 Success.
2025-02-04 07:29:09 Latest version is 1.8.4
2025-02-04 07:29:09 App is up to date.
2025-02-04 18:18:17 Checking for update using Github
2025-02-04 18:18:17 Success.
2025-02-04 18:18:17 Latest version is 1.8.4
2025-02-04 18:18:17 App is up to date.
2025-02-04 20:36:01 Checking for update using Github
2025-02-04 20:36:01 Success.
2025-02-04 20:36:01 Latest version is 1.8.4
2025-02-04 20:36:01 App is up to date.
2025-02-04 21:41:49 Checking for update using Github
2025-02-04 21:41:49 Success.
2025-02-04 21:41:49 Latest version is 1.8.4
2025-02-04 21:41:49 App is up to date.
2025-02-05 19:46:31 Loading main app package /usr/lib/obsidian/obsidian.asar
2025-02-05 19:46:31 Checking for update using Github
2025-02-05 19:46:32 Success.
2025-02-05 19:46:32 Latest version is 1.8.4
2025-02-05 19:46:32 App is up to date.
2025-02-05 20:46:31 Checking for update using Github
2025-02-05 20:46:31 Success.
2025-02-05 20:46:31 Latest version is 1.8.4
2025-02-05 20:46:31 App is up to date.
2025-02-06 03:08:26 Checking for update using Github
2025-02-06 03:08:26 Success.
2025-02-06 03:08:26 Latest version is 1.8.4
2025-02-06 03:08:26 App is up to date.
2025-02-06 05:49:38 Loading main app package /usr/lib/obsidian/obsidian.asar
2025-02-06 05:49:38 Checking for update using Github
2025-02-06 05:49:38 Success.
2025-02-06 05:49:38 Latest version is 1.8.4
2025-02-06 05:49:38 App is up to date.
2025-02-06 06:49:38 Checking for update using Github
2025-02-06 06:49:38 Success.
2025-02-06 06:49:38 Latest version is 1.8.4
2025-02-06 06:49:38 App is up to date.
2025-02-06 07:49:38 Checking for update using Github
2025-02-06 07:49:38 Success.
2025-02-06 07:49:38 Latest version is 1.8.4
2025-02-06 07:49:38 App is up to date.
2025-02-06 07:51:27 Loading main app package /usr/lib/obsidian/obsidian.asar
2025-02-06 07:51:27 Checking for update using Github
2025-02-06 07:51:33 Loading main app package /usr/lib/obsidian/obsidian.asar
2025-02-06 07:51:33 Checking for update using Github
2025-02-06 08:49:38 Checking for update using Github
2025-02-06 08:49:38 Success.
2025-02-06 08:49:38 Latest version is 1.8.4
2025-02-06 08:49:38 App is up to date.
2025-02-06 18:41:56 Checking for update using Github
2025-02-06 18:41:56 Success.
2025-02-06 18:41:56 Latest version is 1.8.4
2025-02-06 18:41:56 App is up to date.
2025-02-06 20:24:22 Loading main app package /usr/lib/obsidian/obsidian.asar
2025-02-06 20:24:23 Checking for update using Github
2025-02-06 20:24:23 Success.
2025-02-06 20:24:23 Latest version is 1.8.4
2025-02-06 20:24:23 App is up to date.
2025-02-06 21:24:22 Checking for update using Github
2025-02-06 21:24:23 Success.
2025-02-06 21:24:23 Latest version is 1.8.4
2025-02-06 21:24:23 App is up to date.
2025-02-07 08:19:22 Checking for update using Github
2025-02-07 08:19:23 Success.
2025-02-07 08:19:23 Latest version is 1.8.4
2025-02-07 08:19:23 App is up to date.
2025-02-08 05:38:23 Loading main app package /usr/lib/obsidian/obsidian.asar
2025-02-08 05:38:23 Checking for update using Github
2025-02-08 05:38:24 Success.
2025-02-08 05:38:24 Latest version is 1.8.4
2025-02-08 05:38:24 App is up to date.
2025-02-08 06:54:53 Checking for update using Github
2025-02-08 06:54:53 Success.
2025-02-08 06:54:53 Latest version is 1.8.4
2025-02-08 06:54:53 App is up to date.
2025-02-09 17:15:45 Loading main app package /usr/lib/obsidian/obsidian.asar
2025-02-09 17:15:46 Checking for update using Github
2025-02-09 17:15:46 Success.
2025-02-09 17:15:46 Latest version is 1.8.4
2025-02-09 17:15:46 App is up to date.
2025-02-10 01:21:50 Checking for update using Github
2025-02-10 01:21:51 Success.
2025-02-10 01:21:51 Latest version is 1.8.4
2025-02-10 01:21:51 App is up to date.
2025-02-10 02:35:26 Checking for update using Github
2025-02-10 02:35:27 Success.
2025-02-10 02:35:27 Latest version is 1.8.4
2025-02-10 02:35:27 App is up to date.
2025-02-10 03:35:26 Checking for update using Github
2025-02-10 03:35:26 Success.
2025-02-10 03:35:26 Latest version is 1.8.4
2025-02-10 03:35:26 App is up to date.
2025-02-10 04:35:26 Checking for update using Github
2025-02-10 04:35:26 Success.
2025-02-10 04:35:26 Latest version is 1.8.4
2025-02-10 04:35:26 App is up to date.
2025-02-10 05:35:26 Checking for update using Github
2025-02-10 05:35:26 Success.
2025-02-10 05:35:26 Latest version is 1.8.4
2025-02-10 05:35:26 App is up to date.
2025-02-10 06:35:26 Checking for update using Github
2025-02-10 06:35:26 Success.
2025-02-10 06:35:26 Latest version is 1.8.4
2025-02-10 06:35:26 App is up to date.
2025-02-10 08:09:16 Checking for update using Github
2025-02-10 08:09:16 Success.
2025-02-10 08:09:16 Latest version is 1.8.4
2025-02-10 08:09:16 App is up to date.
2025-02-10 09:19:12 Checking for update using Github
2025-02-10 09:19:13 Success.
2025-02-10 09:19:13 Latest version is 1.8.4
2025-02-10 09:19:13 App is up to date.
2025-02-10 10:19:12 Checking for update using Github
2025-02-10 10:19:13 Success.
2025-02-10 10:19:13 Latest version is 1.8.4
2025-02-10 10:19:13 App is up to date.
2025-02-10 11:19:12 Checking for update using Github
2025-02-10 11:19:13 Success.
2025-02-10 11:19:13 Latest version is 1.8.4
2025-02-10 11:19:13 App is up to date.
2025-02-10 12:19:12 Checking for update using Github
2025-02-10 12:19:13 Success.
2025-02-10 12:19:13 Latest version is 1.8.4
2025-02-10 12:19:13 App is up to date.
2025-02-10 13:23:19 Checking for update using Github
2025-02-10 13:23:19 Success.
2025-02-10 13:23:19 Latest version is 1.8.4
2025-02-10 13:23:19 App is up to date.
2025-02-10 16:36:02 Checking for update using Github
2025-02-10 16:36:02 Success.
2025-02-10 16:36:02 Latest version is 1.8.4
2025-02-10 16:36:02 App is up to date.
2025-02-10 22:50:26 Checking for update using Github
2025-02-10 22:50:26 Success.
2025-02-10 22:50:26 Latest version is 1.8.4
2025-02-10 22:50:26 App is up to date.
2025-02-11 18:26:43 Loading main app package /usr/lib/obsidian/obsidian.asar
2025-02-11 18:26:43 Checking for update using Github
2025-02-11 18:26:43 Success.
2025-02-11 18:26:43 Latest version is 1.8.4
2025-02-11 18:26:43 App is up to date.
2025-02-19 05:38:29 Loading main app package /usr/lib/obsidian/obsidian.asar
2025-02-19 05:38:30 Checking for update using Github
2025-02-19 05:38:30 Success.
2025-02-19 05:38:30 Latest version is 1.8.7
2025-02-19 05:38:30 App is up to date.
2025-02-20 04:24:49 Checking for update using Github
2025-02-22 05:38:38 Loading main app package /usr/lib/obsidian/obsidian.asar
2025-02-22 05:38:38 Checking for update using Github
2025-02-22 05:38:38 Success.
2025-02-22 05:38:38 Latest version is 1.8.7
2025-02-22 05:38:38 App is up to date.
2025-02-23 02:38:51 Checking for update using Github
2025-02-23 03:52:16 Loading main app package /usr/lib/obsidian/obsidian.asar
2025-02-23 03:52:16 Checking for update using Github
2025-02-23 03:52:17 Success.
2025-02-23 03:52:17 Latest version is 1.8.7
2025-02-23 03:52:17 App is up to date.
2025-02-23 04:52:16 Checking for update using Github
2025-02-23 04:52:16 Success.
2025-02-23 04:52:16 Latest version is 1.8.7
2025-02-23 04:52:16 App is up to date.
2025-02-23 09:46:51 Checking for update using Github
2025-02-23 09:46:51 Success.
2025-02-23 09:46:51 Latest version is 1.8.7
2025-02-23 09:46:51 App is up to date.
2025-02-23 20:34:54 Checking for update using Github
2025-02-23 20:34:54 Success.
2025-02-23 20:34:54 Latest version is 1.8.7
2025-02-23 20:34:54 App is up to date.
2025-02-23 22:11:04 Checking for update using Github
2025-02-23 22:11:05 Success.
2025-02-23 22:11:05 Latest version is 1.8.7
2025-02-23 22:11:05 App is up to date.
2025-02-23 23:53:43 Checking for update using Github
2025-02-23 23:53:43 Success.
2025-02-23 23:53:43 Latest version is 1.8.7
2025-02-23 23:53:43 App is up to date.
2025-02-24 03:22:44 Checking for update using Github
2025-02-24 03:22:45 Success.
2025-02-24 03:22:45 Latest version is 1.8.7
2025-02-24 03:22:45 App is up to date.
2025-02-24 04:22:44 Checking for update using Github
2025-02-24 04:22:45 Success.
2025-02-24 04:22:45 Latest version is 1.8.7
2025-02-24 04:22:45 App is up to date.
2025-02-24 19:46:39 Loading main app package /usr/lib/obsidian/obsidian.asar
2025-02-24 19:46:39 Checking for update using Github
2025-02-24 19:46:39 Success.
2025-02-24 19:46:39 Latest version is 1.8.7
2025-02-24 19:46:39 App is up to date.
2025-02-25 02:43:12 Checking for update using Github
2025-02-26 07:01:46 Loading main app package /usr/lib/obsidian/obsidian.asar
2025-02-26 07:01:46 Checking for update using Github
2025-02-26 07:01:47 Success.
2025-02-26 07:01:47 Latest version is 1.8.7
2025-02-26 07:01:47 App is up to date.
2025-02-26 19:39:19 Loading main app package /usr/lib/obsidian/obsidian.asar
2025-02-26 19:39:20 Checking for update using Github
2025-02-26 19:39:20 Success.
2025-02-26 19:39:20 Latest version is 1.8.7
2025-02-26 19:39:20 App is up to date.
2025-02-27 05:36:15 Checking for update using Github
2025-02-27 05:36:15 Success.
2025-02-27 05:36:15 Latest version is 1.8.7
2025-02-27 05:36:15 App is up to date.
2025-02-27 06:36:15 Checking for update using Github
2025-02-27 06:36:15 Success.
2025-02-27 06:36:15 Latest version is 1.8.7
2025-02-27 06:36:15 App is up to date.
2025-02-27 07:36:15 Checking for update using Github
2025-02-27 07:36:15 Success.
2025-02-27 07:36:15 Latest version is 1.8.7
2025-02-27 07:36:15 App is up to date.
2025-03-03 16:53:40 Loading main app package /usr/lib/obsidian/obsidian.asar
2025-03-03 16:53:40 Checking for update using Github
2025-03-03 16:53:41 Success.
2025-03-03 16:53:41 Latest version is 1.8.7
2025-03-03 16:53:41 App is up to date.
2025-03-03 17:34:04 Loading main app package /usr/lib/obsidian/obsidian.asar
2025-03-03 17:34:05 Checking for update using Github
2025-03-03 17:34:05 Success.
2025-03-03 17:34:05 Latest version is 1.8.7
2025-03-03 17:34:05 App is up to date.
2025-03-03 20:08:31 Checking for update using Github
2025-03-03 20:08:31 Success.
2025-03-03 20:08:31 Latest version is 1.8.7
2025-03-03 20:08:31 App is up to date.
2025-03-04 03:45:03 Checking for update using Github
2025-03-04 03:45:03 Success.
2025-03-04 03:45:03 Latest version is 1.8.7
2025-03-04 03:45:03 App is up to date.
2025-03-04 05:13:39 Checking for update using Github
2025-03-04 05:13:39 Success.
2025-03-04 05:13:39 Latest version is 1.8.7
2025-03-04 05:13:39 App is up to date.
2025-03-04 06:13:39 Checking for update using Github
2025-03-04 06:13:39 Success.
2025-03-04 06:13:39 Latest version is 1.8.7
2025-03-04 06:13:39 App is up to date.
2025-03-04 08:04:07 Checking for update using Github
2025-03-04 08:04:07 Success.
2025-03-04 08:04:07 Latest version is 1.8.7
2025-03-04 08:04:07 App is up to date.
2025-03-04 09:04:07 Checking for update using Github
2025-03-04 09:04:08 Success.
2025-03-04 09:04:08 Latest version is 1.8.7
2025-03-04 09:04:08 App is up to date.
2025-03-04 16:29:27 Loading main app package /usr/lib/obsidian/obsidian.asar
2025-03-04 16:29:27 Checking for update using Github
2025-03-04 16:29:28 Success.
2025-03-04 16:29:28 Latest version is 1.8.7
2025-03-04 16:29:28 App is up to date.
2025-03-04 20:43:28 Checking for update using Github
2025-03-04 20:43:28 Success.
2025-03-04 20:43:28 Latest version is 1.8.7
2025-03-04 20:43:28 App is up to date.
2025-03-04 21:43:28 Checking for update using Github
2025-03-04 21:43:28 Success.
2025-03-04 21:43:28 Latest version is 1.8.7
2025-03-04 21:43:28 App is up to date.
2025-03-04 22:43:28 Checking for update using Github
2025-03-04 22:43:28 Success.
2025-03-04 22:43:28 Latest version is 1.8.7
2025-03-04 22:43:28 App is up to date.
2025-03-05 04:41:18 Checking for update using Github
2025-03-05 04:41:19 Success.
2025-03-05 04:41:19 Latest version is 1.8.7
2025-03-05 04:41:19 App is up to date.
2025-03-05 05:41:18 Checking for update using Github
2025-03-05 05:41:19 Success.
2025-03-05 05:41:19 Latest version is 1.8.7
2025-03-05 05:41:19 App is up to date.
2025-03-05 08:12:36 Loading main app package /usr/lib/obsidian/obsidian.asar
2025-03-05 08:12:37 Checking for update using Github
2025-03-05 08:12:37 Success.
2025-03-05 08:12:37 Latest version is 1.8.7
2025-03-05 08:12:37 App is up to date.
2025-03-05 17:03:36 Checking for update using Github
2025-03-05 17:03:36 Success.
2025-03-05 17:03:36 Latest version is 1.8.9
2025-03-05 17:03:36 Downloading update from https://github.com/obsidianmd/obsidian-releases/releases/download/v1.8.9/obsidian-1.8.9.asar.gz
2025-03-05 17:03:37 Verifying hash & signature. Size= 8125625
2025-03-05 17:03:37 Saving file
2025-03-05 17:03:38 Update complete.
2025-03-05 19:41:38 Checking for update using Github
2025-03-05 19:41:38 Success.
2025-03-05 19:41:38 Latest version is 1.8.9
2025-03-05 19:41:38 An update is already downloaded.
2025-03-05 19:41:50 Loading updated app package /home/prathamesh/.config/obsidian/obsidian-1.8.9.asar
2025-03-05 19:41:50 Checking for update using Github
2025-03-05 20:41:38 Checking for update using Github
2025-03-05 20:41:38 Success.
2025-03-05 20:41:38 Latest version is 1.8.9
2025-03-05 20:41:38 An update is already downloaded.
2025-03-06 00:38:29 Checking for update using Github
2025-03-06 00:38:30 Success.
2025-03-06 00:38:30 Latest version is 1.8.9
2025-03-06 00:38:30 An update is already downloaded.
2025-03-06 01:39:43 Loading main app package /usr/lib/obsidian/obsidian.asar
2025-03-06 01:39:43 Checking for update using Github
2025-03-06 01:39:43 Success.
2025-03-06 01:39:43 Latest version is 1.8.9
2025-03-06 01:39:43 App is up to date.
2025-03-06 03:27:25 Checking for update using Github
2025-03-06 03:27:25 Success.
2025-03-06 03:27:25 Latest version is 1.8.9
2025-03-06 03:27:25 App is up to date.
2025-03-06 04:27:25 Checking for update using Github
2025-03-06 04:27:25 Success.
2025-03-06 04:27:25 Latest version is 1.8.9
2025-03-06 04:27:25 App is up to date.
2025-03-06 05:27:25 Checking for update using Github
2025-03-06 05:27:25 Success.
2025-03-06 05:27:25 Latest version is 1.8.9
2025-03-06 05:27:25 App is up to date.
2025-03-06 06:45:26 Checking for update using Github
2025-03-06 06:45:26 Success.
2025-03-06 06:45:26 Latest version is 1.8.9
2025-03-06 06:45:26 App is up to date.
2025-03-06 16:53:37 Checking for update using Github
2025-03-06 16:53:37 Success.
2025-03-06 16:53:37 Latest version is 1.8.9
2025-03-06 16:53:37 App is up to date.
2025-03-06 21:31:41 Checking for update using Github
2025-03-10 18:35:42 Loading main app package /usr/lib/obsidian/obsidian.asar
2025-03-10 18:35:42 Checking for update using Github
2025-03-10 18:35:43 Success.
2025-03-10 18:35:43 Latest version is 1.8.9
2025-03-10 18:35:43 App is up to date.
2025-03-10 18:51:50 Loading main app package /usr/lib/obsidian/obsidian.asar
2025-03-10 18:51:51 Checking for update using Github
2025-03-10 18:51:51 Success.
2025-03-10 18:51:51 Latest version is 1.8.9
2025-03-10 18:51:51 App is up to date.
2025-03-11 00:19:21 Checking for update using Github
2025-03-11 00:19:21 Success.
2025-03-11 00:19:21 Latest version is 1.8.9
2025-03-11 00:19:21 App is up to date.
2025-03-11 01:19:21 Checking for update using Github
2025-03-11 01:19:21 Success.
2025-03-11 01:19:21 Latest version is 1.8.9
2025-03-11 01:19:21 App is up to date.
2025-03-11 05:15:53 Checking for update using Github
2025-03-11 05:15:54 Success.
2025-03-11 05:15:54 Latest version is 1.8.9
2025-03-11 05:15:54 App is up to date.
2025-03-12 01:20:32 Loading main app package /usr/lib/obsidian/obsidian.asar
2025-03-12 01:20:33 Checking for update using Github
2025-03-12 01:20:33 Success.
2025-03-12 01:20:33 Latest version is 1.8.9
2025-03-12 01:20:33 App is up to date.
2025-03-12 02:36:47 Checking for update using Github
2025-03-12 02:36:47 Success.
2025-03-12 02:36:47 Latest version is 1.8.9
2025-03-12 02:36:47 App is up to date.
2025-03-12 08:12:01 Loading main app package /usr/lib/obsidian/obsidian.asar
2025-03-12 08:12:01 Checking for update using Github
2025-03-12 08:12:01 Success.
2025-03-12 08:12:01 Latest version is 1.8.9
2025-03-12 08:12:01 App is up to date.
2025-03-12 15:57:59 Loading main app package /usr/lib/obsidian/obsidian.asar
2025-03-12 15:58:00 Checking for update using Github
2025-03-12 15:58:00 Success.
2025-03-12 15:58:00 Latest version is 1.8.9
2025-03-12 15:58:00 App is up to date.
2025-03-12 16:54:57 Loading main app package /usr/lib/obsidian/obsidian.asar
2025-03-12 16:54:57 Checking for update using Github
2025-03-12 16:54:58 Success.
2025-03-12 16:54:58 Latest version is 1.8.9
2025-03-12 16:54:58 App is up to date.
2025-03-12 16:56:12 Loading main app package /usr/lib/obsidian/obsidian.asar
2025-03-12 16:56:13 Checking for update using Github
2025-03-12 16:56:13 Success.
2025-03-12 16:56:13 Latest version is 1.8.9
2025-03-12 16:56:13 App is up to date.
2025-03-12 16:56:20 Loading main app package /usr/lib/obsidian/obsidian.asar
2025-03-12 16:56:20 Checking for update using Github
2025-03-12 16:56:20 Success.
2025-03-12 16:56:20 Latest version is 1.8.9
2025-03-12 16:56:20 App is up to date.
2025-03-15 01:23:35 Loading main app package /usr/lib/obsidian/obsidian.asar
2025-03-15 01:23:35 Checking for update using Github
2025-03-15 01:23:35 Success.
2025-03-15 01:23:35 Latest version is 1.8.9
2025-03-15 01:23:35 App is up to date.
2025-03-17 16:59:24 Loading main app package /usr/lib/obsidian/obsidian.asar
2025-03-17 16:59:24 Checking for update using Github
2025-03-17 16:59:25 Success.
2025-03-17 16:59:25 Latest version is 1.8.9
2025-03-17 16:59:25 App is up to date.
2025-03-17 18:46:45 Loading main app package /usr/lib/obsidian/obsidian.asar
2025-03-17 18:46:46 Checking for update using Github
2025-03-17 18:46:46 Success.
2025-03-17 18:46:46 Latest version is 1.8.9
2025-03-17 18:46:46 App is up to date.
2025-03-17 23:53:45 Checking for update using Github
2025-03-17 23:53:46 Success.
2025-03-17 23:53:46 Latest version is 1.8.9
2025-03-17 23:53:46 App is up to date.
2025-03-19 19:02:31 Loading main app package /usr/lib/obsidian/obsidian.asar
2025-03-19 19:02:31 Checking for update using Github
2025-03-19 19:02:32 Success.
2025-03-19 19:02:32 Latest version is 1.8.9
2025-03-19 19:02:32 App is up to date.
2025-03-22 05:12:42 Loading main app package /usr/lib/obsidian/obsidian.asar
2025-03-22 05:12:42 Checking for update using Github
2025-03-22 05:12:42 Success.
2025-03-22 05:12:42 Latest version is 1.8.9
2025-03-22 05:12:42 App is up to date.
2025-03-22 06:12:42 Checking for update using Github
2025-03-22 06:12:43 Success.
2025-03-22 06:12:43 Latest version is 1.8.9
2025-03-22 06:12:43 App is up to date.
2025-03-24 19:00:16 Loading main app package /usr/lib/obsidian/obsidian.asar
2025-03-24 19:00:17 Checking for update using Github
2025-03-24 19:00:17 Success.
2025-03-24 19:00:17 Latest version is 1.8.9
2025-03-24 19:00:17 App is up to date.
2025-03-24 19:13:36 Loading main app package /usr/lib/obsidian/obsidian.asar
2025-03-24 19:13:36 Checking for update using Github
2025-03-24 19:13:37 Success.
2025-03-24 19:13:37 Latest version is 1.8.9
2025-03-24 19:13:37 App is up to date.
2025-03-24 19:31:39 Loading main app package /usr/lib/obsidian/obsidian.asar
2025-03-24 19:31:39 Checking for update using Github
2025-03-24 19:31:40 Success.
2025-03-24 19:31:40 Latest version is 1.8.9
2025-03-24 19:31:40 App is up to date.
2025-03-25 00:53:46 Loading main app package /usr/lib/obsidian/obsidian.asar
2025-03-25 00:53:46 Checking for update using Github
2025-03-25 00:53:47 Success.
2025-03-25 00:53:47 Latest version is 1.8.9
2025-03-25 00:53:47 App is up to date.
2025-03-31 18:32:45 Loading main app package /usr/lib/obsidian/obsidian.asar
2025-03-31 18:32:46 Checking for update using Github
2025-03-31 18:32:46 Success.
2025-03-31 18:32:46 Latest version is 1.8.9
2025-03-31 18:32:46 App is up to date.
2025-03-31 19:41:54 Checking for update using Github
2025-03-31 19:41:54 Success.
2025-03-31 19:41:54 Latest version is 1.8.9
2025-03-31 19:41:54 App is up to date.
2025-04-02 18:33:45 Loading main app package /usr/lib/obsidian/obsidian.asar
2025-04-02 18:33:46 Checking for update using Github
2025-04-02 18:33:46 Success.
2025-04-02 18:33:46 Latest version is 1.8.9
2025-04-02 18:33:46 App is up to date.
2025-04-02 19:38:55 Loading main app package /usr/lib/obsidian/obsidian.asar
2025-04-02 19:38:55 Checking for update using Github
2025-04-02 19:38:57 Success.
2025-04-02 19:38:57 Latest version is 1.8.9
2025-04-02 19:38:57 App is up to date.
2025-04-02 21:05:07 Checking for update using Github
2025-04-02 21:05:09 Success.
2025-04-02 21:05:09 Latest version is 1.8.9
2025-04-02 21:05:09 App is up to date.
2025-04-14 02:00:05 Loading main app package /usr/lib/obsidian/obsidian.asar
2025-04-14 02:00:05 Checking for update using Github
2025-04-14 02:00:05 Success.
2025-04-14 02:00:05 Latest version is 1.8.9
2025-04-14 02:00:05 App is up to date.
2025-04-15 05:46:19 Loading main app package /usr/lib/obsidian/obsidian.asar
2025-04-15 05:46:19 Checking for update using Github
2025-04-15 05:46:19 Success.
2025-04-15 05:46:19 Latest version is 1.8.9
2025-04-15 05:46:19 App is up to date.
2025-04-15 07:35:39 Checking for update using Github
2025-04-15 07:35:40 Success.
2025-04-15 07:35:40 Latest version is 1.8.9
2025-04-15 07:35:40 App is up to date.
2025-04-15 08:35:39 Checking for update using Github
2025-04-15 08:35:39 Success.
2025-04-15 08:35:39 Latest version is 1.8.9
2025-04-15 08:35:39 App is up to date.
2025-04-15 17:02:26 Loading main app package /usr/lib/obsidian/obsidian.asar
2025-04-15 17:02:26 Checking for update using Github
2025-04-15 17:47:40 Checking for update using Github
2025-04-15 17:47:41 Success.
2025-04-15 17:47:41 Latest version is 1.8.9
2025-04-15 17:47:41 App is up to date.
2025-04-15 18:52:44 Checking for update using Github
2025-04-15 18:52:44 Success.
2025-04-15 18:52:44 Latest version is 1.8.9
2025-04-15 18:52:44 App is up to date.
2025-04-15 20:39:36 Checking for update using Github
2025-04-15 20:39:37 Success.
2025-04-15 20:39:37 Latest version is 1.8.9
2025-04-15 20:39:37 App is up to date.
2025-04-15 21:39:37 Checking for update using Github
2025-04-15 21:39:38 Success.
2025-04-15 21:39:38 Latest version is 1.8.9
2025-04-15 21:39:38 App is up to date.
2025-04-15 22:39:37 Checking for update using Github
2025-04-15 22:39:38 Success.
2025-04-15 22:39:38 Latest version is 1.8.9
2025-04-15 22:39:38 App is up to date.
2025-04-15 23:39:37 Checking for update using Github
2025-04-15 23:39:38 Success.
2025-04-15 23:39:38 Latest version is 1.8.9
2025-04-15 23:39:38 App is up to date.
2025-04-16 01:29:09 Checking for update using Github
2025-04-16 01:29:10 Success.
2025-04-16 01:29:10 Latest version is 1.8.9
2025-04-16 01:29:10 App is up to date.
2025-04-16 21:42:36 Loading main app package /usr/lib/obsidian/obsidian.asar
2025-04-16 21:42:37 Checking for update using Github
2025-04-16 21:42:37 Success.
2025-04-16 21:42:37 Latest version is 1.8.9
2025-04-16 21:42:37 App is up to date.
2025-04-16 23:09:58 Checking for update using Github
2025-04-16 23:09:58 Success.
2025-04-16 23:09:58 Latest version is 1.8.9
2025-04-16 23:09:58 App is up to date.
2025-04-17 03:03:29 Checking for update using Github
2025-04-17 03:03:29 Success.
2025-04-17 03:03:29 Latest version is 1.8.9
2025-04-17 03:03:29 App is up to date.
2025-04-17 07:25:44 Loading main app package /usr/lib/obsidian/obsidian.asar
2025-04-17 07:25:44 Checking for update using Github
2025-04-17 07:25:44 Success.
2025-04-17 07:25:44 Latest version is 1.8.9
2025-04-17 07:25:44 App is up to date.
2025-04-17 18:01:07 Loading main app package /usr/lib/obsidian/obsidian.asar
2025-04-17 18:01:07 Checking for update using Github
2025-04-17 18:01:07 Success.
2025-04-17 18:01:07 Latest version is 1.8.9
2025-04-17 18:01:07 App is up to date.
2025-04-17 19:05:58 Checking for update using Github
2025-04-17 19:05:58 Success.
2025-04-17 19:05:58 Latest version is 1.8.9
2025-04-17 19:05:58 App is up to date.
2025-05-05 19:41:40 Loading main app package /usr/lib/obsidian/obsidian.asar
2025-05-05 19:41:40 Checking for update using Github
2025-05-05 19:41:40 Success.
2025-05-05 19:41:40 Latest version is 1.8.10
2025-05-05 19:41:40 App is up to date.
2025-05-07 22:13:09 Loading main app package /usr/lib/obsidian/obsidian.asar
2025-05-07 22:13:10 Checking for update using Github
2025-05-07 22:13:10 Success.
2025-05-07 22:13:10 Latest version is 1.8.10
2025-05-07 22:13:10 App is up to date.
2025-05-08 00:10:21 Checking for update using Github
2025-05-08 00:10:21 Success.
2025-05-08 00:10:21 Latest version is 1.8.10
2025-05-08 00:10:21 App is up to date.
2025-05-21 19:22:59 Loading main app package /usr/lib/obsidian/obsidian.asar
2025-05-21 19:22:59 Checking for update using Github
2025-05-21 19:22:59 Success.
2025-05-21 19:22:59 Latest version is 1.8.10
2025-05-21 19:22:59 App is up to date.
2025-05-21 20:22:59 Checking for update using Github
2025-05-21 20:23:00 Success.
2025-05-21 20:23:00 Latest version is 1.8.10
2025-05-21 20:23:00 App is up to date.
2025-05-21 21:22:59 Checking for update using Github
2025-05-21 21:22:59 Success.
2025-05-21 21:22:59 Latest version is 1.8.10
2025-05-21 21:22:59 App is up to date.
2025-05-21 22:22:59 Checking for update using Github
2025-05-21 22:23:00 Success.
2025-05-21 22:23:00 Latest version is 1.8.10
2025-05-21 22:23:00 App is up to date.
2025-05-21 23:22:59 Checking for update using Github
2025-05-21 23:22:59 Success.
2025-05-21 23:22:59 Latest version is 1.8.10
2025-05-21 23:22:59 App is up to date.
2025-05-22 00:22:59 Checking for update using Github
2025-05-22 00:22:59 Success.
2025-05-22 00:22:59 Latest version is 1.8.10
2025-05-22 00:22:59 App is up to date.
2025-05-22 01:42:40 Checking for update using Github
2025-05-22 01:42:40 Success.
2025-05-22 01:42:40 Latest version is 1.8.10
2025-05-22 01:42:40 App is up to date.
2025-05-22 03:12:27 Checking for update using Github
2025-05-22 03:12:27 Success.
2025-05-22 03:12:27 Latest version is 1.8.10
2025-05-22 03:12:27 App is up to date.
2025-05-26 03:17:42 Loading main app package /usr/lib/obsidian/obsidian.asar
2025-05-26 03:17:43 Checking for update using Github
2025-05-26 03:17:43 Success.
2025-05-26 03:17:43 Latest version is 1.8.10
2025-05-26 03:17:43 App is up to date.
2025-05-26 04:17:42 Checking for update using Github
2025-05-26 04:17:43 Success.
2025-05-26 04:17:43 Latest version is 1.8.10
2025-05-26 04:17:43 App is up to date.
2025-05-26 05:21:12 Checking for update using Github
2025-05-26 05:21:12 Success.
2025-05-26 05:21:12 Latest version is 1.8.10
2025-05-26 05:21:12 App is up to date.
2025-05-26 17:43:20 Checking for update using Github
2025-05-26 17:43:20 Success.
2025-05-26 17:43:20 Latest version is 1.8.10
2025-05-26 17:43:20 App is up to date.
2025-05-26 18:43:20 Checking for update using Github
2025-05-26 18:43:20 Success.
2025-05-26 18:43:20 Latest version is 1.8.10
2025-05-26 18:43:20 App is up to date.
2025-05-26 19:45:22 Checking for update using Github
2025-05-26 19:45:22 Success.
2025-05-26 19:45:22 Latest version is 1.8.10
2025-05-26 19:45:22 App is up to date.
2025-05-26 20:45:22 Checking for update using Github
2025-05-26 20:45:22 Success.
2025-05-26 20:45:22 Latest version is 1.8.10
2025-05-26 20:45:22 App is up to date.
2025-05-27 01:53:32 Checking for update using Github
2025-05-27 01:53:32 Success.
2025-05-27 01:53:32 Latest version is 1.8.10
2025-05-27 01:53:32 App is up to date.
2025-05-27 05:02:04 Checking for update using Github
2025-05-27 05:02:04 Failed to check for update using Github (net::ERR_INTERNET_DISCONNECTED)
2025-05-27 05:02:05 Checking for update using obsidian.md
2025-05-27 05:02:05 Failed to check for update using obsidian.md (net::ERR_INTERNET_DISCONNECTED)
2025-05-27 06:02:33 Checking for update using Github
2025-05-27 06:02:33 Success.
2025-05-27 06:02:33 Latest version is 1.8.10
2025-05-27 06:02:33 App is up to date.
2025-05-28 01:19:58 Checking for update using Github
2025-05-28 01:19:58 Success.
2025-05-28 01:19:58 Latest version is 1.8.10
2025-05-28 01:19:58 App is up to date.
2025-05-28 08:51:28 Checking for update using Github
2025-05-28 08:51:28 Success.
2025-05-28 08:51:28 Latest version is 1.8.10
2025-05-28 08:51:28 App is up to date.
2025-05-30 04:59:11 Checking for update using Github
2025-05-30 04:59:12 Success.
2025-05-30 04:59:12 Latest version is 1.8.10
2025-05-30 04:59:12 App is up to date.
2025-05-30 06:14:35 Checking for update using Github
2025-05-30 06:14:35 Success.
2025-05-30 06:14:35 Latest version is 1.8.10
2025-05-30 06:14:35 App is up to date.
2025-06-05 18:52:51 Loading main app package /usr/lib/obsidian/obsidian.asar
2025-06-05 18:52:51 Checking for update using Github
2025-06-05 18:52:51 Success.
2025-06-05 18:52:51 Latest version is 1.8.10
2025-06-05 18:52:51 App is up to date.
2025-06-05 20:13:24 Checking for update using Github
2025-06-05 20:13:24 Success.
2025-06-05 20:13:24 Latest version is 1.8.10
2025-06-05 20:13:24 App is up to date.
2025-06-05 21:45:14 Checking for update using Github
2025-06-05 21:45:15 Success.
2025-06-05 21:45:15 Latest version is 1.8.10
2025-06-05 21:45:15 App is up to date.
2025-06-06 00:58:10 Checking for update using Github
2025-06-06 00:58:11 Success.
2025-06-06 00:58:11 Latest version is 1.8.10
2025-06-06 00:58:11 App is up to date.
2025-06-06 01:58:10 Checking for update using Github
2025-06-06 01:58:11 Success.
2025-06-06 01:58:11 Latest version is 1.8.10
2025-06-06 01:58:11 App is up to date.
2025-06-06 05:16:00 Checking for update using Github
2025-06-06 05:16:00 Success.
2025-06-06 05:16:00 Latest version is 1.8.10
2025-06-06 05:16:00 App is up to date.
2025-06-06 06:15:59 Checking for update using Github
2025-06-06 06:16:00 Success.
2025-06-06 06:16:00 Latest version is 1.8.10
2025-06-06 06:16:00 App is up to date.
2025-06-06 07:15:59 Checking for update using Github
2025-06-06 07:16:00 Success.
2025-06-06 07:16:00 Latest version is 1.8.10
2025-06-06 07:16:00 App is up to date.
2025-06-07 01:16:10 Checking for update using Github
2025-06-07 01:16:10 Success.
2025-06-07 01:16:10 Latest version is 1.8.10
2025-06-07 01:16:10 App is up to date.
2025-06-08 03:21:30 Loading main app package /usr/lib/obsidian/obsidian.asar
2025-06-08 03:21:30 Checking for update using Github
2025-06-08 03:21:30 Success.
2025-06-08 03:21:30 Latest version is 1.8.10
2025-06-08 03:21:30 App is up to date.
2025-06-08 05:35:36 Checking for update using Github
2025-06-08 05:35:37 Success.
2025-06-08 05:35:37 Latest version is 1.8.10
2025-06-08 05:35:37 App is up to date.
2025-06-08 06:42:37 Checking for update using Github
2025-06-08 06:42:37 Success.
2025-06-08 06:42:37 Latest version is 1.8.10
2025-06-08 06:42:37 App is up to date.
2025-06-08 09:28:21 Checking for update using Github
2025-06-08 09:28:21 Success.
2025-06-08 09:28:21 Latest version is 1.8.10
2025-06-08 09:28:21 App is up to date.
2025-06-09 01:50:43 Checking for update using Github
2025-06-09 01:50:43 Success.
2025-06-09 01:50:43 Latest version is 1.8.10
2025-06-09 01:50:43 App is up to date.
2025-06-09 05:17:06 Checking for update using Github
2025-06-09 05:17:06 Success.
2025-06-09 05:17:06 Latest version is 1.8.10
2025-06-09 05:17:06 App is up to date.
2025-06-13 02:07:56 Loading main app package /usr/lib/obsidian/obsidian.asar
2025-06-13 02:07:56 Checking for update using Github
2025-06-13 02:07:56 Success.
2025-06-13 02:07:56 Latest version is 1.8.10
2025-06-13 02:07:56 App is up to date.
2025-06-13 03:07:56 Checking for update using Github
2025-06-13 03:07:56 Success.
2025-06-13 03:07:56 Latest version is 1.8.10
2025-06-13 03:07:56 App is up to date.
2025-06-13 04:07:56 Checking for update using Github
2025-06-13 04:07:56 Success.
2025-06-13 04:07:56 Latest version is 1.8.10
2025-06-13 04:07:56 App is up to date.
2025-06-13 05:08:15 Checking for update using Github
2025-06-13 05:08:15 Success.
2025-06-13 05:08:15 Latest version is 1.8.10
2025-06-13 05:08:15 App is up to date.
2025-06-13 06:12:18 Checking for update using Github
2025-06-13 06:12:18 Success.
2025-06-13 06:12:18 Latest version is 1.8.10
2025-06-13 06:12:18 App is up to date.
